<?xml version="1.0" encoding="UTF-8"?>
<!-- Generated by org.testng.reporters.JUnitXMLReporter -->
<testsuite hostname="DESKTOP-PT2MTDQ" name="Test_chrome" tests="4" failures="0" timestamp="26 Oct 2020 03:51:25 GMT" time="12.762" errors="0">
  <testcase name="runScenario" time="1.792" classname="com.automate.withme.Runner.E2e_Runner"/>
  <testcase name="runScenario" time="2.466" classname="com.automate.withme.Runner.E2e_Runner"/>
  <testcase name="runScenario" time="2.48" classname="com.automate.withme.Runner.E2e_Runner"/>
  <testcase name="runScenario" time="0.815" classname="com.automate.withme.Runner.E2e_Runner"/>
</testsuite> <!-- Test_chrome -->
