<?xml version="1.0" encoding="UTF-8"?>
<!-- Generated by org.testng.reporters.JUnitXMLReporter -->
<testsuite hostname="DESKTOP-PT2MTDQ" name="Test_FF" tests="4" failures="0" timestamp="25 Oct 2020 20:18:01 GMT" time="27.495" errors="0">
  <testcase name="runScenario" time="6.104" classname="com.automate.withme.Runner.E2e_Runner"/>
  <testcase name="runScenario" time="6.435" classname="com.automate.withme.Runner.E2e_Runner"/>
  <testcase name="runScenario" time="1.156" classname="com.automate.withme.Runner.E2e_Runner"/>
  <testcase name="runScenario" time="0.852" classname="com.automate.withme.Runner.E2e_Runner"/>
</testsuite> <!-- Test_FF -->
