<?xml version="1.0" encoding="UTF-8"?>
<!-- Generated by org.testng.reporters.JUnitXMLReporter -->
<testsuite hostname="DESKTOP-PT2MTDQ" name="Test_FF" tests="4" failures="0" timestamp="26 Oct 2020 03:41:28 GMT" time="21.526" errors="0">
  <testcase name="runScenario" time="4.207" classname="com.automate.withme.Runner.E2e_Runner"/>
  <testcase name="runScenario" time="4.546" classname="com.automate.withme.Runner.E2e_Runner"/>
  <testcase name="runScenario" time="0.935" classname="com.automate.withme.Runner.E2e_Runner"/>
  <testcase name="runScenario" time="0.728" classname="com.automate.withme.Runner.E2e_Runner"/>
</testsuite> <!-- Test_FF -->
