<?xml version="1.0" encoding="UTF-8"?>
<!-- Generated by org.testng.reporters.JUnitXMLReporter -->
<testsuite hostname="DESKTOP-PT2MTDQ" name="Test_chrome" tests="4" failures="0" timestamp="13 Oct 2020 17:12:57 GMT" time="26.915" errors="0">
  <testcase name="runScenario" time="3.98" classname="com.automate.withme.Runner.E2e_Runner"/>
  <testcase name="runScenario" time="8.058" classname="com.automate.withme.Runner.E2e_Runner"/>
  <testcase name="runScenario" time="1.435" classname="com.automate.withme.Runner.E2e_Runner"/>
  <testcase name="runScenario" time="0.599" classname="com.automate.withme.Runner.E2e_Runner"/>
</testsuite> <!-- Test_chrome -->
