<?xml version="1.0" encoding="UTF-8"?>
<testng-results skipped="0" failed="0" total="8" passed="8">
  <reporter-output>
  </reporter-output>
  <suite name="Suite" duration-ms="27495" started-at="2020-10-25T20:17:33Z" finished-at="2020-10-25T20:18:01Z">
    <groups>
      <group name="cucumber">
        <method signature="AbstractTestNGCucumberTests.runScenario(io.cucumber.testng.PickleWrapper, io.cucumber.testng.FeatureWrapper)[pri:0, instance:com.automate.withme.Runner.E2e_Runner@3cda1055]" name="runScenario" class="io.cucumber.testng.AbstractTestNGCucumberTests"/>
        <method signature="AbstractTestNGCucumberTests.runScenario(io.cucumber.testng.PickleWrapper, io.cucumber.testng.FeatureWrapper)[pri:0, instance:com.automate.withme.Runner.E2e_Runner@3f2a3a5]" name="runScenario" class="io.cucumber.testng.AbstractTestNGCucumberTests"/>
      </group> <!-- cucumber -->
    </groups>
    <test name="Test_chrome" duration-ms="23087" started-at="2020-10-25T20:17:33Z" finished-at="2020-10-25T20:17:56Z">
      <class name="com.automate.withme.Runner.E2e_Runner">
        <test-method status="PASS" signature="beforeTest(java.lang.String)[pri:0, instance:com.automate.withme.Runner.E2e_Runner@3cda1055]" name="beforeTest" is-config="true" duration-ms="6063" started-at="2020-10-26T01:47:33Z" finished-at="2020-10-26T01:47:39Z">
          <params>
            <param index="0">
              <value>
                <![CDATA[chrome]]>
              </value>
            </param>
          </params>
          <reporter-output>
          </reporter-output>
        </test-method> <!-- beforeTest -->
        <test-method status="PASS" signature="setUpClass()[pri:0, instance:com.automate.withme.Runner.E2e_Runner@3cda1055]" name="setUpClass" is-config="true" duration-ms="1658" started-at="2020-10-26T01:47:39Z" finished-at="2020-10-26T01:47:41Z">
          <reporter-output>
          </reporter-output>
        </test-method> <!-- setUpClass -->
        <test-method status="PASS" signature="runScenario(io.cucumber.testng.PickleWrapper, io.cucumber.testng.FeatureWrapper)[pri:0, instance:com.automate.withme.Runner.E2e_Runner@3cda1055]" name="runScenario" duration-ms="3578" started-at="2020-10-26T01:47:41Z" description="Runs Cucumber Scenarios" data-provider="scenarios" finished-at="2020-10-26T01:47:45Z">
          <params>
            <param index="0">
              <value>
                <![CDATA["Login to Online Fruits and Veggies"]]>
              </value>
            </param>
            <param index="1">
              <value>
                <![CDATA["Testing Online Fruits and Veggies"]]>
              </value>
            </param>
          </params>
          <reporter-output>
          </reporter-output>
        </test-method> <!-- runScenario -->
        <test-method status="PASS" signature="runScenario(io.cucumber.testng.PickleWrapper, io.cucumber.testng.FeatureWrapper)[pri:0, instance:com.automate.withme.Runner.E2e_Runner@3cda1055]" name="runScenario" duration-ms="4180" started-at="2020-10-26T01:47:45Z" description="Runs Cucumber Scenarios" data-provider="scenarios" finished-at="2020-10-26T01:47:49Z">
          <params>
            <param index="0">
              <value>
                <![CDATA["Add items into Cart"]]>
              </value>
            </param>
            <param index="1">
              <value>
                <![CDATA["Testing Online Fruits and Veggies"]]>
              </value>
            </param>
          </params>
          <reporter-output>
          </reporter-output>
        </test-method> <!-- runScenario -->
        <test-method status="PASS" signature="runScenario(io.cucumber.testng.PickleWrapper, io.cucumber.testng.FeatureWrapper)[pri:0, instance:com.automate.withme.Runner.E2e_Runner@3cda1055]" name="runScenario" duration-ms="4089" started-at="2020-10-26T01:47:49Z" description="Runs Cucumber Scenarios" data-provider="scenarios" finished-at="2020-10-26T01:47:53Z">
          <params>
            <param index="0">
              <value>
                <![CDATA["User checkout"]]>
              </value>
            </param>
            <param index="1">
              <value>
                <![CDATA["Testing Online Fruits and Veggies"]]>
              </value>
            </param>
          </params>
          <reporter-output>
          </reporter-output>
        </test-method> <!-- runScenario -->
        <test-method status="PASS" signature="runScenario(io.cucumber.testng.PickleWrapper, io.cucumber.testng.FeatureWrapper)[pri:0, instance:com.automate.withme.Runner.E2e_Runner@3cda1055]" name="runScenario" duration-ms="1210" started-at="2020-10-26T01:47:53Z" description="Runs Cucumber Scenarios" data-provider="scenarios" finished-at="2020-10-26T01:47:54Z">
          <params>
            <param index="0">
              <value>
                <![CDATA["Order placed"]]>
              </value>
            </param>
            <param index="1">
              <value>
                <![CDATA["Testing Online Fruits and Veggies"]]>
              </value>
            </param>
          </params>
          <reporter-output>
          </reporter-output>
        </test-method> <!-- runScenario -->
        <test-method status="PASS" signature="tearDownClass()[pri:0, instance:com.automate.withme.Runner.E2e_Runner@3cda1055]" name="tearDownClass" is-config="true" duration-ms="1838" started-at="2020-10-26T01:47:54Z" finished-at="2020-10-26T01:47:56Z">
          <reporter-output>
          </reporter-output>
        </test-method> <!-- tearDownClass -->
        <test-method status="PASS" signature="afterTest()[pri:0, instance:com.automate.withme.Runner.E2e_Runner@3cda1055]" name="afterTest" is-config="true" duration-ms="421" started-at="2020-10-26T01:47:56Z" finished-at="2020-10-26T01:47:56Z">
          <reporter-output>
          </reporter-output>
        </test-method> <!-- afterTest -->
      </class> <!-- com.automate.withme.Runner.E2e_Runner -->
    </test> <!-- Test_chrome -->
    <test name="Test_FF" duration-ms="27495" started-at="2020-10-25T20:17:33Z" finished-at="2020-10-25T20:18:01Z">
      <class name="com.automate.withme.Runner.E2e_Runner">
        <test-method status="PASS" signature="beforeTest(java.lang.String)[pri:0, instance:com.automate.withme.Runner.E2e_Runner@3f2a3a5]" name="beforeTest" is-config="true" duration-ms="11115" started-at="2020-10-26T01:47:33Z" finished-at="2020-10-26T01:47:44Z">
          <params>
            <param index="0">
              <value>
                <![CDATA[FF]]>
              </value>
            </param>
          </params>
          <reporter-output>
          </reporter-output>
        </test-method> <!-- beforeTest -->
        <test-method status="PASS" signature="setUpClass()[pri:0, instance:com.automate.withme.Runner.E2e_Runner@3f2a3a5]" name="setUpClass" is-config="true" duration-ms="23" started-at="2020-10-26T01:47:44Z" finished-at="2020-10-26T01:47:44Z">
          <reporter-output>
          </reporter-output>
        </test-method> <!-- setUpClass -->
        <test-method status="PASS" signature="runScenario(io.cucumber.testng.PickleWrapper, io.cucumber.testng.FeatureWrapper)[pri:0, instance:com.automate.withme.Runner.E2e_Runner@3f2a3a5]" name="runScenario" duration-ms="6104" started-at="2020-10-26T01:47:44Z" description="Runs Cucumber Scenarios" data-provider="scenarios" finished-at="2020-10-26T01:47:51Z">
          <params>
            <param index="0">
              <value>
                <![CDATA["Login to Online Fruits and Veggies"]]>
              </value>
            </param>
            <param index="1">
              <value>
                <![CDATA["Testing Online Fruits and Veggies"]]>
              </value>
            </param>
          </params>
          <reporter-output>
          </reporter-output>
        </test-method> <!-- runScenario -->
        <test-method status="PASS" signature="runScenario(io.cucumber.testng.PickleWrapper, io.cucumber.testng.FeatureWrapper)[pri:0, instance:com.automate.withme.Runner.E2e_Runner@3f2a3a5]" name="runScenario" duration-ms="6435" started-at="2020-10-26T01:47:51Z" description="Runs Cucumber Scenarios" data-provider="scenarios" finished-at="2020-10-26T01:47:57Z">
          <params>
            <param index="0">
              <value>
                <![CDATA["Add items into Cart"]]>
              </value>
            </param>
            <param index="1">
              <value>
                <![CDATA["Testing Online Fruits and Veggies"]]>
              </value>
            </param>
          </params>
          <reporter-output>
          </reporter-output>
        </test-method> <!-- runScenario -->
        <test-method status="PASS" signature="runScenario(io.cucumber.testng.PickleWrapper, io.cucumber.testng.FeatureWrapper)[pri:0, instance:com.automate.withme.Runner.E2e_Runner@3f2a3a5]" name="runScenario" duration-ms="1156" started-at="2020-10-26T01:47:57Z" description="Runs Cucumber Scenarios" data-provider="scenarios" finished-at="2020-10-26T01:47:58Z">
          <params>
            <param index="0">
              <value>
                <![CDATA["User checkout"]]>
              </value>
            </param>
            <param index="1">
              <value>
                <![CDATA["Testing Online Fruits and Veggies"]]>
              </value>
            </param>
          </params>
          <reporter-output>
          </reporter-output>
        </test-method> <!-- runScenario -->
        <test-method status="PASS" signature="runScenario(io.cucumber.testng.PickleWrapper, io.cucumber.testng.FeatureWrapper)[pri:0, instance:com.automate.withme.Runner.E2e_Runner@3f2a3a5]" name="runScenario" duration-ms="852" started-at="2020-10-26T01:47:58Z" description="Runs Cucumber Scenarios" data-provider="scenarios" finished-at="2020-10-26T01:47:59Z">
          <params>
            <param index="0">
              <value>
                <![CDATA["Order placed"]]>
              </value>
            </param>
            <param index="1">
              <value>
                <![CDATA["Testing Online Fruits and Veggies"]]>
              </value>
            </param>
          </params>
          <reporter-output>
          </reporter-output>
        </test-method> <!-- runScenario -->
        <test-method status="PASS" signature="tearDownClass()[pri:0, instance:com.automate.withme.Runner.E2e_Runner@3f2a3a5]" name="tearDownClass" is-config="true" duration-ms="178" started-at="2020-10-26T01:47:59Z" finished-at="2020-10-26T01:47:59Z">
          <reporter-output>
          </reporter-output>
        </test-method> <!-- tearDownClass -->
        <test-method status="PASS" signature="afterTest()[pri:0, instance:com.automate.withme.Runner.E2e_Runner@3f2a3a5]" name="afterTest" is-config="true" duration-ms="1616" started-at="2020-10-26T01:47:59Z" finished-at="2020-10-26T01:48:01Z">
          <reporter-output>
          </reporter-output>
        </test-method> <!-- afterTest -->
        <test-method status="PASS" signature="aftersuite(java.lang.String, java.lang.String, java.lang.String)[pri:0, instance:com.automate.withme.Runner.E2e_Runner@3f2a3a5]" name="aftersuite" is-config="true" duration-ms="1" started-at="2020-10-26T01:48:01Z" finished-at="2020-10-26T01:48:01Z">
          <params>
            <param index="0">
              <value>
                <![CDATA[]]>
              </value>
            </param>
            <param index="1">
              <value>
                <![CDATA[]]>
              </value>
            </param>
            <param index="2">
              <value>
                <![CDATA[]]>
              </value>
            </param>
          </params>
          <reporter-output>
          </reporter-output>
        </test-method> <!-- aftersuite -->
      </class> <!-- com.automate.withme.Runner.E2e_Runner -->
    </test> <!-- Test_FF -->
  </suite> <!-- Suite -->
</testng-results>
