<?xml version="1.0" encoding="UTF-8"?>
<testng-results skipped="0" failed="0" total="8" passed="8">
  <reporter-output>
  </reporter-output>
  <suite name="Suite" duration-ms="21526" started-at="2020-10-26T03:41:06Z" finished-at="2020-10-26T03:41:28Z">
    <groups>
      <group name="cucumber">
        <method signature="AbstractTestNGCucumberTests.runScenario(io.cucumber.testng.PickleWrapper, io.cucumber.testng.FeatureWrapper)[pri:0, instance:com.automate.withme.Runner.E2e_Runner@3cda1055]" name="runScenario" class="io.cucumber.testng.AbstractTestNGCucumberTests"/>
        <method signature="AbstractTestNGCucumberTests.runScenario(io.cucumber.testng.PickleWrapper, io.cucumber.testng.FeatureWrapper)[pri:0, instance:com.automate.withme.Runner.E2e_Runner@3f2a3a5]" name="runScenario" class="io.cucumber.testng.AbstractTestNGCucumberTests"/>
      </group> <!-- cucumber -->
    </groups>
    <test name="Test_chrome" duration-ms="14834" started-at="2020-10-26T03:41:06Z" finished-at="2020-10-26T03:41:21Z">
      <class name="com.automate.withme.Runner.E2e_Runner">
        <test-method status="PASS" signature="beforeTest(java.lang.String)[pri:0, instance:com.automate.withme.Runner.E2e_Runner@3cda1055]" name="beforeTest" is-config="true" duration-ms="2382" started-at="2020-10-26T09:11:06Z" finished-at="2020-10-26T09:11:09Z">
          <params>
            <param index="0">
              <value>
                <![CDATA[chrome]]>
              </value>
            </param>
          </params>
          <reporter-output>
          </reporter-output>
        </test-method> <!-- beforeTest -->
        <test-method status="PASS" signature="setUpClass()[pri:0, instance:com.automate.withme.Runner.E2e_Runner@3cda1055]" name="setUpClass" is-config="true" duration-ms="1171" started-at="2020-10-26T09:11:09Z" finished-at="2020-10-26T09:11:10Z">
          <reporter-output>
          </reporter-output>
        </test-method> <!-- setUpClass -->
        <test-method status="PASS" signature="runScenario(io.cucumber.testng.PickleWrapper, io.cucumber.testng.FeatureWrapper)[pri:0, instance:com.automate.withme.Runner.E2e_Runner@3cda1055]" name="runScenario" duration-ms="2260" started-at="2020-10-26T09:11:10Z" description="Runs Cucumber Scenarios" data-provider="scenarios" finished-at="2020-10-26T09:11:12Z">
          <params>
            <param index="0">
              <value>
                <![CDATA["Login to Online Fruits and Veggies"]]>
              </value>
            </param>
            <param index="1">
              <value>
                <![CDATA["Testing Online Fruits and Veggies"]]>
              </value>
            </param>
          </params>
          <reporter-output>
          </reporter-output>
        </test-method> <!-- runScenario -->
        <test-method status="PASS" signature="runScenario(io.cucumber.testng.PickleWrapper, io.cucumber.testng.FeatureWrapper)[pri:0, instance:com.automate.withme.Runner.E2e_Runner@3cda1055]" name="runScenario" duration-ms="3002" started-at="2020-10-26T09:11:12Z" description="Runs Cucumber Scenarios" data-provider="scenarios" finished-at="2020-10-26T09:11:15Z">
          <params>
            <param index="0">
              <value>
                <![CDATA["Add items into Cart"]]>
              </value>
            </param>
            <param index="1">
              <value>
                <![CDATA["Testing Online Fruits and Veggies"]]>
              </value>
            </param>
          </params>
          <reporter-output>
          </reporter-output>
        </test-method> <!-- runScenario -->
        <test-method status="PASS" signature="runScenario(io.cucumber.testng.PickleWrapper, io.cucumber.testng.FeatureWrapper)[pri:0, instance:com.automate.withme.Runner.E2e_Runner@3cda1055]" name="runScenario" duration-ms="2912" started-at="2020-10-26T09:11:15Z" description="Runs Cucumber Scenarios" data-provider="scenarios" finished-at="2020-10-26T09:11:18Z">
          <params>
            <param index="0">
              <value>
                <![CDATA["User checkout"]]>
              </value>
            </param>
            <param index="1">
              <value>
                <![CDATA["Testing Online Fruits and Veggies"]]>
              </value>
            </param>
          </params>
          <reporter-output>
          </reporter-output>
        </test-method> <!-- runScenario -->
        <test-method status="PASS" signature="runScenario(io.cucumber.testng.PickleWrapper, io.cucumber.testng.FeatureWrapper)[pri:0, instance:com.automate.withme.Runner.E2e_Runner@3cda1055]" name="runScenario" duration-ms="1626" started-at="2020-10-26T09:11:18Z" description="Runs Cucumber Scenarios" data-provider="scenarios" finished-at="2020-10-26T09:11:20Z">
          <params>
            <param index="0">
              <value>
                <![CDATA["Order placed"]]>
              </value>
            </param>
            <param index="1">
              <value>
                <![CDATA["Testing Online Fruits and Veggies"]]>
              </value>
            </param>
          </params>
          <reporter-output>
          </reporter-output>
        </test-method> <!-- runScenario -->
        <test-method status="PASS" signature="tearDownClass()[pri:0, instance:com.automate.withme.Runner.E2e_Runner@3cda1055]" name="tearDownClass" is-config="true" duration-ms="1265" started-at="2020-10-26T09:11:20Z" finished-at="2020-10-26T09:11:21Z">
          <reporter-output>
          </reporter-output>
        </test-method> <!-- tearDownClass -->
        <test-method status="PASS" signature="afterTest()[pri:0, instance:com.automate.withme.Runner.E2e_Runner@3cda1055]" name="afterTest" is-config="true" duration-ms="191" started-at="2020-10-26T09:11:21Z" finished-at="2020-10-26T09:11:21Z">
          <reporter-output>
          </reporter-output>
        </test-method> <!-- afterTest -->
      </class> <!-- com.automate.withme.Runner.E2e_Runner -->
    </test> <!-- Test_chrome -->
    <test name="Test_FF" duration-ms="21526" started-at="2020-10-26T03:41:06Z" finished-at="2020-10-26T03:41:28Z">
      <class name="com.automate.withme.Runner.E2e_Runner">
        <test-method status="PASS" signature="beforeTest(java.lang.String)[pri:0, instance:com.automate.withme.Runner.E2e_Runner@3f2a3a5]" name="beforeTest" is-config="true" duration-ms="9040" started-at="2020-10-26T09:11:06Z" finished-at="2020-10-26T09:11:15Z">
          <params>
            <param index="0">
              <value>
                <![CDATA[FF]]>
              </value>
            </param>
          </params>
          <reporter-output>
          </reporter-output>
        </test-method> <!-- beforeTest -->
        <test-method status="PASS" signature="setUpClass()[pri:0, instance:com.automate.withme.Runner.E2e_Runner@3f2a3a5]" name="setUpClass" is-config="true" duration-ms="20" started-at="2020-10-26T09:11:15Z" finished-at="2020-10-26T09:11:15Z">
          <reporter-output>
          </reporter-output>
        </test-method> <!-- setUpClass -->
        <test-method status="PASS" signature="runScenario(io.cucumber.testng.PickleWrapper, io.cucumber.testng.FeatureWrapper)[pri:0, instance:com.automate.withme.Runner.E2e_Runner@3f2a3a5]" name="runScenario" duration-ms="4207" started-at="2020-10-26T09:11:15Z" description="Runs Cucumber Scenarios" data-provider="scenarios" finished-at="2020-10-26T09:11:20Z">
          <params>
            <param index="0">
              <value>
                <![CDATA["Login to Online Fruits and Veggies"]]>
              </value>
            </param>
            <param index="1">
              <value>
                <![CDATA["Testing Online Fruits and Veggies"]]>
              </value>
            </param>
          </params>
          <reporter-output>
          </reporter-output>
        </test-method> <!-- runScenario -->
        <test-method status="PASS" signature="runScenario(io.cucumber.testng.PickleWrapper, io.cucumber.testng.FeatureWrapper)[pri:0, instance:com.automate.withme.Runner.E2e_Runner@3f2a3a5]" name="runScenario" duration-ms="4546" started-at="2020-10-26T09:11:20Z" description="Runs Cucumber Scenarios" data-provider="scenarios" finished-at="2020-10-26T09:11:24Z">
          <params>
            <param index="0">
              <value>
                <![CDATA["Add items into Cart"]]>
              </value>
            </param>
            <param index="1">
              <value>
                <![CDATA["Testing Online Fruits and Veggies"]]>
              </value>
            </param>
          </params>
          <reporter-output>
          </reporter-output>
        </test-method> <!-- runScenario -->
        <test-method status="PASS" signature="runScenario(io.cucumber.testng.PickleWrapper, io.cucumber.testng.FeatureWrapper)[pri:0, instance:com.automate.withme.Runner.E2e_Runner@3f2a3a5]" name="runScenario" duration-ms="935" started-at="2020-10-26T09:11:24Z" description="Runs Cucumber Scenarios" data-provider="scenarios" finished-at="2020-10-26T09:11:25Z">
          <params>
            <param index="0">
              <value>
                <![CDATA["User checkout"]]>
              </value>
            </param>
            <param index="1">
              <value>
                <![CDATA["Testing Online Fruits and Veggies"]]>
              </value>
            </param>
          </params>
          <reporter-output>
          </reporter-output>
        </test-method> <!-- runScenario -->
        <test-method status="PASS" signature="runScenario(io.cucumber.testng.PickleWrapper, io.cucumber.testng.FeatureWrapper)[pri:0, instance:com.automate.withme.Runner.E2e_Runner@3f2a3a5]" name="runScenario" duration-ms="728" started-at="2020-10-26T09:11:25Z" description="Runs Cucumber Scenarios" data-provider="scenarios" finished-at="2020-10-26T09:11:26Z">
          <params>
            <param index="0">
              <value>
                <![CDATA["Order placed"]]>
              </value>
            </param>
            <param index="1">
              <value>
                <![CDATA["Testing Online Fruits and Veggies"]]>
              </value>
            </param>
          </params>
          <reporter-output>
          </reporter-output>
        </test-method> <!-- runScenario -->
        <test-method status="PASS" signature="tearDownClass()[pri:0, instance:com.automate.withme.Runner.E2e_Runner@3f2a3a5]" name="tearDownClass" is-config="true" duration-ms="214" started-at="2020-10-26T09:11:26Z" finished-at="2020-10-26T09:11:26Z">
          <reporter-output>
          </reporter-output>
        </test-method> <!-- tearDownClass -->
        <test-method status="PASS" signature="afterTest()[pri:0, instance:com.automate.withme.Runner.E2e_Runner@3f2a3a5]" name="afterTest" is-config="true" duration-ms="1825" started-at="2020-10-26T09:11:26Z" finished-at="2020-10-26T09:11:28Z">
          <reporter-output>
          </reporter-output>
        </test-method> <!-- afterTest -->
        <test-method status="PASS" signature="aftersuite(java.lang.String, java.lang.String, java.lang.String)[pri:0, instance:com.automate.withme.Runner.E2e_Runner@3f2a3a5]" name="aftersuite" is-config="true" duration-ms="0" started-at="2020-10-26T09:11:28Z" finished-at="2020-10-26T09:11:28Z">
          <params>
            <param index="0">
              <value>
                <![CDATA[]]>
              </value>
            </param>
            <param index="1">
              <value>
                <![CDATA[]]>
              </value>
            </param>
            <param index="2">
              <value>
                <![CDATA[]]>
              </value>
            </param>
          </params>
          <reporter-output>
          </reporter-output>
        </test-method> <!-- aftersuite -->
      </class> <!-- com.automate.withme.Runner.E2e_Runner -->
    </test> <!-- Test_FF -->
  </suite> <!-- Suite -->
</testng-results>
